2021-07-09 17:06:08,756 | 43357560F5Q2L | INFO  | restartedMain        | c.s.s.f.e.s.Application          |  -  -  | Starting Application on 43357560F5Q2L with PID 112400 (C:\Users\AAkinfemiwa\git\FinacleEnquiryServices\finacle-enquiry-rest-service\target\classes started by AAkinfemiwa in C:\Users\AAkinfemiwa\git\FinacleEnquiryServices)
2021-07-09 17:06:08,857 | 43357560F5Q2L | INFO  | restartedMain        | c.s.s.f.e.s.Application          |  -  -  | The following profiles are active: uat
2021-07-09 17:06:11,734 | 43357560F5Q2L | INFO  | restartedMain        | o.s.b.d.r.ChangeableUrls         |  -  -  | The Class-Path manifest attribute in C:\Users\AAkinfemiwa\.m2\repository\com\oracle\ojdbc\ojdbc8\19.3.0.0\ojdbc8-19.3.0.0.jar referenced one or more files that do not exist: file:/C:/Users/AAkinfemiwa/.m2/repository/com/oracle/ojdbc/ojdbc8/19.3.0.0/oraclepki.jar
2021-07-09 17:06:11,734 | 43357560F5Q2L | INFO  | restartedMain        | o.s.b.d.r.ChangeableUrls         |  -  -  | The Class-Path manifest attribute in C:\Users\AAkinfemiwa\.m2\repository\com\oracle\ojdbc\oraclepki\19.3.0.0\oraclepki-19.3.0.0.jar referenced one or more files that do not exist: file:/C:/Users/AAkinfemiwa/.m2/repository/com/oracle/ojdbc/oraclepki/19.3.0.0/osdt_core.jar,file:/C:/Users/AAkinfemiwa/.m2/repository/com/oracle/ojdbc/oraclepki/19.3.0.0/osdt_cert.jar,file:/C:/Users/AAkinfemiwa/.m2/repository/com/oracle/ojdbc/oraclepki/oracle.osdt/osdt_core.jar,file:/C:/Users/AAkinfemiwa/.m2/repository/com/oracle/ojdbc/oraclepki/oracle.osdt/osdt_cert.jar
2021-07-09 17:06:11,734 | 43357560F5Q2L | INFO  | restartedMain        | o.s.b.d.r.ChangeableUrls         |  -  -  | The Class-Path manifest attribute in C:\Users\AAkinfemiwa\.m2\repository\com\sun\xml\bind\jaxb-core\2.3.0\jaxb-core-2.3.0.jar referenced one or more files that do not exist: file:/C:/Users/AAkinfemiwa/.m2/repository/com/sun/xml/bind/jaxb-core/2.3.0/jaxb-api.jar
2021-07-09 17:06:11,734 | 43357560F5Q2L | INFO  | restartedMain        | o.s.b.d.r.ChangeableUrls         |  -  -  | The Class-Path manifest attribute in C:\Users\AAkinfemiwa\.m2\repository\com\sun\xml\bind\jaxb-impl\2.3.0\jaxb-impl-2.3.0.jar referenced one or more files that do not exist: file:/C:/Users/AAkinfemiwa/.m2/repository/com/sun/xml/bind/jaxb-impl/2.3.0/jaxb-core.jar
2021-07-09 17:06:11,735 | 43357560F5Q2L | INFO  | restartedMain        | olsPropertyDefaultsPostProcessor |  -  -  | Devtools property defaults active! Set 'spring.devtools.add-properties' to 'false' to disable
2021-07-09 17:06:11,735 | 43357560F5Q2L | INFO  | restartedMain        | olsPropertyDefaultsPostProcessor |  -  -  | For additional web related logging consider setting the 'logging.level.web' property to 'DEBUG'
2021-07-09 17:06:29,706 | 43357560F5Q2L | INFO  | restartedMain        | .RepositoryConfigurationDelegate |  -  -  | Bootstrapping Spring Data JPA repositories in DEFAULT mode.
2021-07-09 17:06:30,196 | 43357560F5Q2L | INFO  | restartedMain        | .RepositoryConfigurationDelegate |  -  -  | Finished Spring Data repository scanning in 171ms. Found 0 JPA repository interfaces.
2021-07-09 17:06:37,533 | 43357560F5Q2L | INFO  | restartedMain        | opertiesBeanFactoryPostProcessor |  -  -  | Post-processing PropertySource instances
2021-07-09 17:06:38,345 | 43357560F5Q2L | INFO  | restartedMain        | cryptablePropertySourceConverter |  -  -  | Converting PropertySource configurationProperties [org.springframework.boot.context.properties.source.ConfigurationPropertySourcesPropertySource] to AOP Proxy
2021-07-09 17:06:38,345 | 43357560F5Q2L | INFO  | restartedMain        | cryptablePropertySourceConverter |  -  -  | Converting PropertySource servletConfigInitParams [org.springframework.core.env.PropertySource$StubPropertySource] to EncryptablePropertySourceWrapper
2021-07-09 17:06:38,345 | 43357560F5Q2L | INFO  | restartedMain        | cryptablePropertySourceConverter |  -  -  | Converting PropertySource servletContextInitParams [org.springframework.core.env.PropertySource$StubPropertySource] to EncryptablePropertySourceWrapper
2021-07-09 17:06:38,346 | 43357560F5Q2L | INFO  | restartedMain        | cryptablePropertySourceConverter |  -  -  | Converting PropertySource systemProperties [org.springframework.core.env.PropertiesPropertySource] to EncryptableMapPropertySourceWrapper
2021-07-09 17:06:38,347 | 43357560F5Q2L | INFO  | restartedMain        | cryptablePropertySourceConverter |  -  -  | Converting PropertySource systemEnvironment [org.springframework.boot.env.SystemEnvironmentPropertySourceEnvironmentPostProcessor$OriginAwareSystemEnvironmentPropertySource] to EncryptableSystemEnvironmentPropertySourceWrapper
2021-07-09 17:06:38,347 | 43357560F5Q2L | INFO  | restartedMain        | cryptablePropertySourceConverter |  -  -  | Converting PropertySource random [org.springframework.boot.env.RandomValuePropertySource] to EncryptablePropertySourceWrapper
2021-07-09 17:06:38,347 | 43357560F5Q2L | INFO  | restartedMain        | cryptablePropertySourceConverter |  -  -  | Converting PropertySource applicationConfig: [classpath:/application-uat.properties] [org.springframework.boot.env.OriginTrackedMapPropertySource] to EncryptableMapPropertySourceWrapper
2021-07-09 17:06:38,347 | 43357560F5Q2L | INFO  | restartedMain        | cryptablePropertySourceConverter |  -  -  | Converting PropertySource applicationConfig: [classpath:/application.properties] [org.springframework.boot.env.OriginTrackedMapPropertySource] to EncryptableMapPropertySourceWrapper
2021-07-09 17:06:38,347 | 43357560F5Q2L | INFO  | restartedMain        | cryptablePropertySourceConverter |  -  -  | Converting PropertySource devtools [org.springframework.core.env.MapPropertySource] to EncryptableMapPropertySourceWrapper
2021-07-09 17:06:39,466 | 43357560F5Q2L | INFO  | restartedMain        | .u.j.f.DefaultLazyPropertyFilter |  -  -  | Property Filter custom Bean not found with name 'encryptablePropertyFilter'. Initializing Default Property Filter
2021-07-09 17:06:40,426 | 43357560F5Q2L | INFO  | restartedMain        | .j.r.DefaultLazyPropertyResolver |  -  -  | Property Resolver custom Bean not found with name 'encryptablePropertyResolver'. Initializing Default Property Resolver
2021-07-09 17:06:40,429 | 43357560F5Q2L | INFO  | restartedMain        | .j.d.DefaultLazyPropertyDetector |  -  -  | Property Detector custom Bean not found with name 'encryptablePropertyDetector'. Initializing Default Property Detector
2021-07-09 17:06:45,943 | 43357560F5Q2L | WARN  | restartedMain        | i.u.w.jsr                        |  -  -  | UT026010: Buffer pool was not set on WebSocketDeploymentInfo, the default pool will be used
2021-07-09 17:06:46,507 | 43357560F5Q2L | INFO  | restartedMain        | i.u.servlet                      |  -  -  | Initializing Spring embedded WebApplicationContext
2021-07-09 17:06:46,507 | 43357560F5Q2L | INFO  | restartedMain        | rvletWebServerApplicationContext |  -  -  | Root WebApplicationContext: initialization completed in 34771 ms
2021-07-09 17:06:58,747 | 43357560F5Q2L | INFO  | restartedMain        | c.u.j.e.DefaultLazyEncryptor     |  -  -  | String Encryptor custom Bean not found with name 'jasyptStringEncryptor'. Initializing Default String Encryptor
2021-07-09 17:06:58,762 | 43357560F5Q2L | INFO  | restartedMain        | c.u.j.e.DefaultLazyEncryptor     |  -  -  | Encryptor config not found for property jasypt.encryptor.algorithm, using default value: PBEWITHHMACSHA512ANDAES_256
2021-07-09 17:06:58,762 | 43357560F5Q2L | INFO  | restartedMain        | c.u.j.e.DefaultLazyEncryptor     |  -  -  | Encryptor config not found for property jasypt.encryptor.key-obtention-iterations, using default value: 1000
2021-07-09 17:06:58,762 | 43357560F5Q2L | INFO  | restartedMain        | c.u.j.e.DefaultLazyEncryptor     |  -  -  | Encryptor config not found for property jasypt.encryptor.pool-size, using default value: 1
2021-07-09 17:06:58,762 | 43357560F5Q2L | INFO  | restartedMain        | c.u.j.e.DefaultLazyEncryptor     |  -  -  | Encryptor config not found for property jasypt.encryptor.provider-name, using default value: null
2021-07-09 17:06:58,762 | 43357560F5Q2L | INFO  | restartedMain        | c.u.j.e.DefaultLazyEncryptor     |  -  -  | Encryptor config not found for property jasypt.encryptor.provider-class-name, using default value: null
2021-07-09 17:06:58,762 | 43357560F5Q2L | INFO  | restartedMain        | c.u.j.e.DefaultLazyEncryptor     |  -  -  | Encryptor config not found for property jasypt.encryptor.salt-generator-classname, using default value: org.jasypt.salt.RandomSaltGenerator
2021-07-09 17:06:58,763 | 43357560F5Q2L | INFO  | restartedMain        | c.u.j.e.DefaultLazyEncryptor     |  -  -  | Encryptor config not found for property jasypt.encryptor.iv-generator-classname, using default value: org.jasypt.iv.RandomIvGenerator
2021-07-09 17:06:58,764 | 43357560F5Q2L | INFO  | restartedMain        | c.u.j.e.DefaultLazyEncryptor     |  -  -  | Encryptor config not found for property jasypt.encryptor.string-output-type, using default value: base64
2021-07-09 17:07:09,223 | 43357560F5Q2L | INFO  | restartedMain        | c.z.h.HikariDataSource           |  -  -  | HikariPool-1 - Starting...
2021-07-09 17:07:16,462 | 43357560F5Q2L | INFO  | restartedMain        | c.z.h.HikariDataSource           |  -  -  | HikariPool-1 - Start completed.
2021-07-09 17:07:16,477 | 43357560F5Q2L | INFO  | restartedMain        | b.a.h.H2ConsoleAutoConfiguration |  -  -  | H2 console available at '/h2-console'. Database available at 'jdbc:oracle:thin:@ungcorora2:1521/ungfin'
2021-07-09 17:07:26,034 | 43357560F5Q2L | INFO  | restartedMain        | o.h.Version                      |  -  -  | HHH000412: Hibernate ORM core version 5.4.17.Final
2021-07-09 17:07:37,488 | 43357560F5Q2L | INFO  | restartedMain        | o.h.a.c.Version                  |  -  -  | HCANN000001: Hibernate Commons Annotations {5.1.0.Final}
2021-07-09 17:07:44,073 | 43357560F5Q2L | INFO  | restartedMain        | o.h.d.Dialect                    |  -  -  | HHH000400: Using dialect: org.hibernate.dialect.Oracle10gDialect
2021-07-09 17:08:34,477 | 43357560F5Q2L | INFO  | restartedMain        | h.e.t.j.p.i.JtaPlatformInitiator |  -  -  | HHH000490: Using JtaPlatform implementation: [org.hibernate.engine.transaction.jta.platform.internal.NoJtaPlatform]
2021-07-09 17:08:34,902 | 43357560F5Q2L | INFO  | restartedMain        | ontainerEntityManagerFactoryBean |  -  -  | Initialized JPA EntityManagerFactory for persistence unit 'default'
2021-07-09 17:08:35,457 | 43357560F5Q2L | INFO  | restartedMain        | s.b.d.a.OptionalLiveReloadServer |  -  -  | LiveReload server is running on port 35729
2021-07-09 17:08:38,053 | 43357560F5Q2L | WARN  | restartedMain        | onfiguration$JpaWebConfiguration |  -  -  | spring.jpa.open-in-view is enabled by default. Therefore, database queries may be performed during view rendering. Explicitly configure spring.jpa.open-in-view to disable this warning
2021-07-09 17:08:40,427 | 43357560F5Q2L | INFO  | restartedMain        | .s.b.a.e.w.EndpointLinksResolver |  -  -  | Exposing 4 endpoint(s) beneath base path '/actuator'
2021-07-09 17:08:41,392 | 43357560F5Q2L | INFO  | restartedMain        | rcedRequestMappingHandlerMapping |  -  -  | Mapped URL path [/v2/api-docs] onto method [springfox.documentation.swagger2.web.Swagger2Controller#getDocumentation(String, HttpServletRequest)]
2021-07-09 17:08:42,418 | 43357560F5Q2L | INFO  | restartedMain        | o.s.s.c.ThreadPoolTaskExecutor   |  -  -  | Initializing ExecutorService 'applicationTaskExecutor'
2021-07-09 17:08:45,020 | 43357560F5Q2L | INFO  | restartedMain        | i.undertow                       |  -  -  | starting server: Undertow - 2.1.3.Final
2021-07-09 17:08:45,260 | 43357560F5Q2L | INFO  | restartedMain        | o.xnio                           |  -  -  | XNIO version 3.8.0.Final
2021-07-09 17:08:45,488 | 43357560F5Q2L | INFO  | restartedMain        | o.x.nio                          |  -  -  | XNIO NIO Implementation Version 3.8.0.Final
2021-07-09 17:08:45,915 | 43357560F5Q2L | INFO  | restartedMain        | o.j.threads                      |  -  -  | JBoss Threads version 3.1.0.Final
2021-07-09 17:08:46,425 | 43357560F5Q2L | INFO  | restartedMain        | o.s.b.w.e.u.UndertowWebServer    |  -  -  | Undertow started on port(s) 8080 (http)
2021-07-09 17:08:46,428 | 43357560F5Q2L | INFO  | restartedMain        | DocumentationPluginsBootstrapper |  -  -  | Context refreshed
2021-07-09 17:08:46,883 | 43357560F5Q2L | INFO  | restartedMain        | DocumentationPluginsBootstrapper |  -  -  | Found 1 custom documentation plugin(s)
2021-07-09 17:08:47,306 | 43357560F5Q2L | INFO  | restartedMain        | s.w.s.ApiListingReferenceScanner |  -  -  | Scanning for api listing references
2021-07-09 17:08:48,787 | 43357560F5Q2L | INFO  | restartedMain        | c.s.s.f.e.s.Application          |  -  -  | Started Application in 171.224 seconds (JVM running for 237.258)
2021-07-09 17:08:50,744 | 43357560F5Q2L | INFO  | (17)-192.168.161.117 | i.u.servlet                      |  -  -  | Initializing Spring DispatcherServlet 'dispatcherServlet'
2021-07-09 17:08:50,744 | 43357560F5Q2L | INFO  | (17)-192.168.161.117 | o.s.w.s.DispatcherServlet        |  -  -  | Initializing Servlet 'dispatcherServlet'
2021-07-09 17:08:50,755 | 43357560F5Q2L | INFO  | (17)-192.168.161.117 | o.s.w.s.DispatcherServlet        |  -  -  | Completed initialization in 11 ms
2021-07-09 17:13:13,855 | 43357560F5Q2L | WARN  | riPool-1 housekeeper | c.z.h.p.HikariPool               |  -  -  | HikariPool-1 - Thread starvation or clock leap detected (housekeeper delta=3m4s413ms972µs300ns).
2021-07-09 17:38:06,028 | 43357560F5Q2L | INFO  | XNIO-1 task-1        | ticalLoggingSessionEventListener |  -  -  | Session Metrics {
    0 nanoseconds spent acquiring 0 JDBC connections;
    0 nanoseconds spent releasing 0 JDBC connections;
    0 nanoseconds spent preparing 0 JDBC statements;
    0 nanoseconds spent executing 0 JDBC statements;
    0 nanoseconds spent executing 0 JDBC batches;
    0 nanoseconds spent performing 0 L2C puts;
    0 nanoseconds spent performing 0 L2C hits;
    0 nanoseconds spent performing 0 L2C misses;
    0 nanoseconds spent executing 0 flushes (flushing a total of 0 entities and 0 collections);
    0 nanoseconds spent executing 0 partial-flushes (flushing a total of 0 entities and 0 collections)
}
2021-07-09 17:38:07,213 | 43357560F5Q2L | INFO  | XNIO-1 task-1        | ticalLoggingSessionEventListener |  -  -  | Session Metrics {
    0 nanoseconds spent acquiring 0 JDBC connections;
    0 nanoseconds spent releasing 0 JDBC connections;
    0 nanoseconds spent preparing 0 JDBC statements;
    0 nanoseconds spent executing 0 JDBC statements;
    0 nanoseconds spent executing 0 JDBC batches;
    0 nanoseconds spent performing 0 L2C puts;
    0 nanoseconds spent performing 0 L2C hits;
    0 nanoseconds spent performing 0 L2C misses;
    0 nanoseconds spent executing 0 flushes (flushing a total of 0 entities and 0 collections);
    0 nanoseconds spent executing 0 partial-flushes (flushing a total of 0 entities and 0 collections)
}
2021-07-09 17:38:07,577 | 43357560F5Q2L | INFO  | XNIO-1 task-2        | ticalLoggingSessionEventListener |  -  -  | Session Metrics {
    0 nanoseconds spent acquiring 0 JDBC connections;
    0 nanoseconds spent releasing 0 JDBC connections;
    0 nanoseconds spent preparing 0 JDBC statements;
    0 nanoseconds spent executing 0 JDBC statements;
    0 nanoseconds spent executing 0 JDBC batches;
    0 nanoseconds spent performing 0 L2C puts;
    0 nanoseconds spent performing 0 L2C hits;
    0 nanoseconds spent performing 0 L2C misses;
    0 nanoseconds spent executing 0 flushes (flushing a total of 0 entities and 0 collections);
    0 nanoseconds spent executing 0 partial-flushes (flushing a total of 0 entities and 0 collections)
}
2021-07-09 17:38:08,245 | 43357560F5Q2L | INFO  | XNIO-1 task-4        | ticalLoggingSessionEventListener |  -  -  | Session Metrics {
    0 nanoseconds spent acquiring 0 JDBC connections;
    0 nanoseconds spent releasing 0 JDBC connections;
    0 nanoseconds spent preparing 0 JDBC statements;
    0 nanoseconds spent executing 0 JDBC statements;
    0 nanoseconds spent executing 0 JDBC batches;
    0 nanoseconds spent performing 0 L2C puts;
    0 nanoseconds spent performing 0 L2C hits;
    0 nanoseconds spent performing 0 L2C misses;
    0 nanoseconds spent executing 0 flushes (flushing a total of 0 entities and 0 collections);
    0 nanoseconds spent executing 0 partial-flushes (flushing a total of 0 entities and 0 collections)
}
2021-07-09 17:38:09,262 | 43357560F5Q2L | INFO  | XNIO-1 task-1        | ticalLoggingSessionEventListener |  -  -  | Session Metrics {
    0 nanoseconds spent acquiring 0 JDBC connections;
    0 nanoseconds spent releasing 0 JDBC connections;
    0 nanoseconds spent preparing 0 JDBC statements;
    0 nanoseconds spent executing 0 JDBC statements;
    0 nanoseconds spent executing 0 JDBC batches;
    0 nanoseconds spent performing 0 L2C puts;
    0 nanoseconds spent performing 0 L2C hits;
    0 nanoseconds spent performing 0 L2C misses;
    0 nanoseconds spent executing 0 flushes (flushing a total of 0 entities and 0 collections);
    0 nanoseconds spent executing 0 partial-flushes (flushing a total of 0 entities and 0 collections)
}
2021-07-09 17:38:09,414 | 43357560F5Q2L | INFO  | XNIO-1 task-3        | ticalLoggingSessionEventListener |  -  -  | Session Metrics {
    0 nanoseconds spent acquiring 0 JDBC connections;
    0 nanoseconds spent releasing 0 JDBC connections;
    0 nanoseconds spent preparing 0 JDBC statements;
    0 nanoseconds spent executing 0 JDBC statements;
    0 nanoseconds spent executing 0 JDBC batches;
    0 nanoseconds spent performing 0 L2C puts;
    0 nanoseconds spent performing 0 L2C hits;
    0 nanoseconds spent performing 0 L2C misses;
    0 nanoseconds spent executing 0 flushes (flushing a total of 0 entities and 0 collections);
    0 nanoseconds spent executing 0 partial-flushes (flushing a total of 0 entities and 0 collections)
}
2021-07-09 17:38:10,801 | 43357560F5Q2L | INFO  | XNIO-1 task-1        | ticalLoggingSessionEventListener |  -  -  | Session Metrics {
    0 nanoseconds spent acquiring 0 JDBC connections;
    0 nanoseconds spent releasing 0 JDBC connections;
    0 nanoseconds spent preparing 0 JDBC statements;
    0 nanoseconds spent executing 0 JDBC statements;
    0 nanoseconds spent executing 0 JDBC batches;
    0 nanoseconds spent performing 0 L2C puts;
    0 nanoseconds spent performing 0 L2C hits;
    0 nanoseconds spent performing 0 L2C misses;
    0 nanoseconds spent executing 0 flushes (flushing a total of 0 entities and 0 collections);
    0 nanoseconds spent executing 0 partial-flushes (flushing a total of 0 entities and 0 collections)
}
2021-07-09 17:38:11,074 | 43357560F5Q2L | INFO  | XNIO-1 task-3        | ticalLoggingSessionEventListener |  -  -  | Session Metrics {
    0 nanoseconds spent acquiring 0 JDBC connections;
    0 nanoseconds spent releasing 0 JDBC connections;
    0 nanoseconds spent preparing 0 JDBC statements;
    0 nanoseconds spent executing 0 JDBC statements;
    0 nanoseconds spent executing 0 JDBC batches;
    0 nanoseconds spent performing 0 L2C puts;
    0 nanoseconds spent performing 0 L2C hits;
    0 nanoseconds spent performing 0 L2C misses;
    0 nanoseconds spent executing 0 flushes (flushing a total of 0 entities and 0 collections);
    0 nanoseconds spent executing 0 partial-flushes (flushing a total of 0 entities and 0 collections)
}
2021-07-09 17:38:11,111 | 43357560F5Q2L | INFO  | XNIO-1 task-3        | ticalLoggingSessionEventListener |  -  -  | Session Metrics {
    0 nanoseconds spent acquiring 0 JDBC connections;
    0 nanoseconds spent releasing 0 JDBC connections;
    0 nanoseconds spent preparing 0 JDBC statements;
    0 nanoseconds spent executing 0 JDBC statements;
    0 nanoseconds spent executing 0 JDBC batches;
    0 nanoseconds spent performing 0 L2C puts;
    0 nanoseconds spent performing 0 L2C hits;
    0 nanoseconds spent performing 0 L2C misses;
    0 nanoseconds spent executing 0 flushes (flushing a total of 0 entities and 0 collections);
    0 nanoseconds spent executing 0 partial-flushes (flushing a total of 0 entities and 0 collections)
}
2021-07-09 17:38:11,135 | 43357560F5Q2L | INFO  | XNIO-1 task-3        | ticalLoggingSessionEventListener |  -  -  | Session Metrics {
    0 nanoseconds spent acquiring 0 JDBC connections;
    0 nanoseconds spent releasing 0 JDBC connections;
    0 nanoseconds spent preparing 0 JDBC statements;
    0 nanoseconds spent executing 0 JDBC statements;
    0 nanoseconds spent executing 0 JDBC batches;
    0 nanoseconds spent performing 0 L2C puts;
    0 nanoseconds spent performing 0 L2C hits;
    0 nanoseconds spent performing 0 L2C misses;
    0 nanoseconds spent executing 0 flushes (flushing a total of 0 entities and 0 collections);
    0 nanoseconds spent executing 0 partial-flushes (flushing a total of 0 entities and 0 collections)
}
2021-07-09 17:38:11,495 | 43357560F5Q2L | INFO  | XNIO-1 task-1        | ticalLoggingSessionEventListener |  -  -  | Session Metrics {
    0 nanoseconds spent acquiring 0 JDBC connections;
    0 nanoseconds spent releasing 0 JDBC connections;
    0 nanoseconds spent preparing 0 JDBC statements;
    0 nanoseconds spent executing 0 JDBC statements;
    0 nanoseconds spent executing 0 JDBC batches;
    0 nanoseconds spent performing 0 L2C puts;
    0 nanoseconds spent performing 0 L2C hits;
    0 nanoseconds spent performing 0 L2C misses;
    0 nanoseconds spent executing 0 flushes (flushing a total of 0 entities and 0 collections);
    0 nanoseconds spent executing 0 partial-flushes (flushing a total of 0 entities and 0 collections)
}
2021-07-09 17:38:11,568 | 43357560F5Q2L | INFO  | XNIO-1 task-1        | ticalLoggingSessionEventListener |  -  -  | Session Metrics {
    0 nanoseconds spent acquiring 0 JDBC connections;
    0 nanoseconds spent releasing 0 JDBC connections;
    0 nanoseconds spent preparing 0 JDBC statements;
    0 nanoseconds spent executing 0 JDBC statements;
    0 nanoseconds spent executing 0 JDBC batches;
    0 nanoseconds spent performing 0 L2C puts;
    0 nanoseconds spent performing 0 L2C hits;
    0 nanoseconds spent performing 0 L2C misses;
    0 nanoseconds spent executing 0 flushes (flushing a total of 0 entities and 0 collections);
    0 nanoseconds spent executing 0 partial-flushes (flushing a total of 0 entities and 0 collections)
}
2021-07-09 17:38:12,009 | 43357560F5Q2L | INFO  | XNIO-1 task-4        | ticalLoggingSessionEventListener |  -  -  | Session Metrics {
    0 nanoseconds spent acquiring 0 JDBC connections;
    0 nanoseconds spent releasing 0 JDBC connections;
    0 nanoseconds spent preparing 0 JDBC statements;
    0 nanoseconds spent executing 0 JDBC statements;
    0 nanoseconds spent executing 0 JDBC batches;
    0 nanoseconds spent performing 0 L2C puts;
    0 nanoseconds spent performing 0 L2C hits;
    0 nanoseconds spent performing 0 L2C misses;
    0 nanoseconds spent executing 0 flushes (flushing a total of 0 entities and 0 collections);
    0 nanoseconds spent executing 0 partial-flushes (flushing a total of 0 entities and 0 collections)
}
2021-07-09 17:38:12,009 | 43357560F5Q2L | INFO  | XNIO-1 task-1        | ticalLoggingSessionEventListener |  -  -  | Session Metrics {
    0 nanoseconds spent acquiring 0 JDBC connections;
    0 nanoseconds spent releasing 0 JDBC connections;
    0 nanoseconds spent preparing 0 JDBC statements;
    0 nanoseconds spent executing 0 JDBC statements;
    0 nanoseconds spent executing 0 JDBC batches;
    0 nanoseconds spent performing 0 L2C puts;
    0 nanoseconds spent performing 0 L2C hits;
    0 nanoseconds spent performing 0 L2C misses;
    0 nanoseconds spent executing 0 flushes (flushing a total of 0 entities and 0 collections);
    0 nanoseconds spent executing 0 partial-flushes (flushing a total of 0 entities and 0 collections)
}
2021-07-09 17:38:12,014 | 43357560F5Q2L | INFO  | XNIO-1 task-4        | ticalLoggingSessionEventListener |  -  -  | Session Metrics {
    0 nanoseconds spent acquiring 0 JDBC connections;
    0 nanoseconds spent releasing 0 JDBC connections;
    0 nanoseconds spent preparing 0 JDBC statements;
    0 nanoseconds spent executing 0 JDBC statements;
    0 nanoseconds spent executing 0 JDBC batches;
    0 nanoseconds spent performing 0 L2C puts;
    0 nanoseconds spent performing 0 L2C hits;
    0 nanoseconds spent performing 0 L2C misses;
    0 nanoseconds spent executing 0 flushes (flushing a total of 0 entities and 0 collections);
    0 nanoseconds spent executing 0 partial-flushes (flushing a total of 0 entities and 0 collections)
}
2021-07-09 17:38:12,343 | 43357560F5Q2L | INFO  | XNIO-1 task-2        | ticalLoggingSessionEventListener |  -  -  | Session Metrics {
    0 nanoseconds spent acquiring 0 JDBC connections;
    0 nanoseconds spent releasing 0 JDBC connections;
    0 nanoseconds spent preparing 0 JDBC statements;
    0 nanoseconds spent executing 0 JDBC statements;
    0 nanoseconds spent executing 0 JDBC batches;
    0 nanoseconds spent performing 0 L2C puts;
    0 nanoseconds spent performing 0 L2C hits;
    0 nanoseconds spent performing 0 L2C misses;
    0 nanoseconds spent executing 0 flushes (flushing a total of 0 entities and 0 collections);
    0 nanoseconds spent executing 0 partial-flushes (flushing a total of 0 entities and 0 collections)
}
2021-07-09 17:38:14,107 | 43357560F5Q2L | INFO  | XNIO-1 task-4        | ticalLoggingSessionEventListener |  -  -  | Session Metrics {
    0 nanoseconds spent acquiring 0 JDBC connections;
    0 nanoseconds spent releasing 0 JDBC connections;
    0 nanoseconds spent preparing 0 JDBC statements;
    0 nanoseconds spent executing 0 JDBC statements;
    0 nanoseconds spent executing 0 JDBC batches;
    0 nanoseconds spent performing 0 L2C puts;
    0 nanoseconds spent performing 0 L2C hits;
    0 nanoseconds spent performing 0 L2C misses;
    0 nanoseconds spent executing 0 flushes (flushing a total of 0 entities and 0 collections);
    0 nanoseconds spent executing 0 partial-flushes (flushing a total of 0 entities and 0 collections)
}
2021-07-09 17:38:14,268 | 43357560F5Q2L | INFO  | XNIO-1 task-3        | ticalLoggingSessionEventListener |  -  -  | Session Metrics {
    0 nanoseconds spent acquiring 0 JDBC connections;
    0 nanoseconds spent releasing 0 JDBC connections;
    0 nanoseconds spent preparing 0 JDBC statements;
    0 nanoseconds spent executing 0 JDBC statements;
    0 nanoseconds spent executing 0 JDBC batches;
    0 nanoseconds spent performing 0 L2C puts;
    0 nanoseconds spent performing 0 L2C hits;
    0 nanoseconds spent performing 0 L2C misses;
    0 nanoseconds spent executing 0 flushes (flushing a total of 0 entities and 0 collections);
    0 nanoseconds spent executing 0 partial-flushes (flushing a total of 0 entities and 0 collections)
}
2021-07-09 17:38:14,386 | 43357560F5Q2L | INFO  | XNIO-1 task-2        | ticalLoggingSessionEventListener |  -  -  | Session Metrics {
    0 nanoseconds spent acquiring 0 JDBC connections;
    0 nanoseconds spent releasing 0 JDBC connections;
    0 nanoseconds spent preparing 0 JDBC statements;
    0 nanoseconds spent executing 0 JDBC statements;
    0 nanoseconds spent executing 0 JDBC batches;
    0 nanoseconds spent performing 0 L2C puts;
    0 nanoseconds spent performing 0 L2C hits;
    0 nanoseconds spent performing 0 L2C misses;
    0 nanoseconds spent executing 0 flushes (flushing a total of 0 entities and 0 collections);
    0 nanoseconds spent executing 0 partial-flushes (flushing a total of 0 entities and 0 collections)
}
2021-07-09 17:38:20,438 | 43357560F5Q2L | INFO  | XNIO-1 task-2        | ticalLoggingSessionEventListener |  -  -  | Session Metrics {
    0 nanoseconds spent acquiring 0 JDBC connections;
    0 nanoseconds spent releasing 0 JDBC connections;
    0 nanoseconds spent preparing 0 JDBC statements;
    0 nanoseconds spent executing 0 JDBC statements;
    0 nanoseconds spent executing 0 JDBC batches;
    0 nanoseconds spent performing 0 L2C puts;
    0 nanoseconds spent performing 0 L2C hits;
    0 nanoseconds spent performing 0 L2C misses;
    0 nanoseconds spent executing 0 flushes (flushing a total of 0 entities and 0 collections);
    0 nanoseconds spent executing 0 partial-flushes (flushing a total of 0 entities and 0 collections)
}
2021-07-09 17:38:31,359 | 43357560F5Q2L | INFO  | XNIO-1 task-2        | .s.s.f.e.s.s.CallOverServiceImpl |  -  -  | **** Enter CallOverServiceImpl try block ****
2021-07-09 17:38:33,381 | 43357560F5Q2L | INFO  | XNIO-1 task-2        | ticalLoggingSessionEventListener |  -  -  | Session Metrics {
    76245400 nanoseconds spent acquiring 1 JDBC connections;
    0 nanoseconds spent releasing 0 JDBC connections;
    94179900 nanoseconds spent preparing 1 JDBC statements;
    0 nanoseconds spent executing 0 JDBC statements;
    0 nanoseconds spent executing 0 JDBC batches;
    0 nanoseconds spent performing 0 L2C puts;
    0 nanoseconds spent performing 0 L2C hits;
    0 nanoseconds spent performing 0 L2C misses;
    0 nanoseconds spent executing 0 flushes (flushing a total of 0 entities and 0 collections);
    0 nanoseconds spent executing 0 partial-flushes (flushing a total of 0 entities and 0 collections)
}
2021-07-09 17:38:33,841 | 43357560F5Q2L | INFO  | XNIO-1 task-2        | ticalLoggingSessionEventListener |  -  -  | Session Metrics {
    0 nanoseconds spent acquiring 0 JDBC connections;
    0 nanoseconds spent releasing 0 JDBC connections;
    0 nanoseconds spent preparing 0 JDBC statements;
    0 nanoseconds spent executing 0 JDBC statements;
    0 nanoseconds spent executing 0 JDBC batches;
    0 nanoseconds spent performing 0 L2C puts;
    0 nanoseconds spent performing 0 L2C hits;
    0 nanoseconds spent performing 0 L2C misses;
    0 nanoseconds spent executing 0 flushes (flushing a total of 0 entities and 0 collections);
    0 nanoseconds spent executing 0 partial-flushes (flushing a total of 0 entities and 0 collections)
}
